<?xml version="1.0" encoding="UTF-8"?>
<!-- Generated by org.testng.reporters.JUnitReportReporter -->
<testsuite hostname="DESKTOP-FAE3O6I" failures="0" tests="4" name="flipkarttestcase.Annotations" time="8.343" errors="1" timestamp="2022-10-01T08:52:20 IST" skipped="3">
  <testcase classname="flipkarttestcase.Annotations" name="launchBrowser" time="8.343">
    <error message="session not created: This version of ChromeDriver only supports Chrome version 104
Current browser version is 106.0.5249.62 with binary path C:\Program Files\Google\Chrome\Application\chrome.exe
Build info: version: &#039;3.141.59&#039;, revision: &#039;e82be7d358&#039;, time: &#039;2018-11-14T08:17:03&#039;
System info: host: &#039;DESKTOP-FAE3O6I&#039;, ip: &#039;192.168.0.4&#039;, os.name: &#039;Windows 10&#039;, os.arch: &#039;amd64&#039;, os.version: &#039;10.0&#039;, java.version: &#039;18.0.2.1&#039;
Driver info: driver.version: ChromeDriver
remote stacktrace: Backtrace:
	Ordinal0 [0x004978B3+2193587]
	Ordinal0 [0x00430681+1771137]
	Ordinal0 [0x003441A8+803240]
	Ordinal0 [0x00365CC3+941251]
	Ordinal0 [0x003613EF+922607]
	Ordinal0 [0x0035EBC1+912321]
	Ordinal0 [0x003923B0+1123248]
	Ordinal0 [0x0039200A+1122314]
	Ordinal0 [0x0038D5C6+1103302]
	Ordinal0 [0x003677E0+948192]
	Ordinal0 [0x003686E6+952038]
	GetHandleVerifier [0x00740CB2+2738370]
	GetHandleVerifier [0x007321B8+2678216]
	GetHandleVerifier [0x005217AA+512954]
	GetHandleVerifier [0x00520856+509030]
	Ordinal0 [0x0043743B+1799227]
	Ordinal0 [0x0043BB68+1817448]
	Ordinal0 [0x0043BC55+1817685]
	Ordinal0 [0x00445230+1856048]
	BaseThreadInitThunk [0x76FCFA29+25]
	RtlGetAppContainerNamedObjectPath [0x77E07A9E+286]
	RtlGetAppContainerNamedObjectPath [0x77E07A6E+238]
" type="org.openqa.selenium.SessionNotCreatedException">
      <![CDATA[org.openqa.selenium.SessionNotCreatedException: session not created: This version of ChromeDriver only supports Chrome version 104
Current browser version is 106.0.5249.62 with binary path C:\Program Files\Google\Chrome\Application\chrome.exe
Build info: version: '3.141.59', revision: 'e82be7d358', time: '2018-11-14T08:17:03'
System info: host: 'DESKTOP-FAE3O6I', ip: '192.168.0.4', os.name: 'Windows 10', os.arch: 'amd64', os.version: '10.0', java.version: '18.0.2.1'
Driver info: driver.version: ChromeDriver
remote stacktrace: Backtrace:
Ordinal0 [0x004978B3+2193587]
Ordinal0 [0x00430681+1771137]
Ordinal0 [0x003441A8+803240]
Ordinal0 [0x00365CC3+941251]
Ordinal0 [0x003613EF+922607]
Ordinal0 [0x0035EBC1+912321]
Ordinal0 [0x003923B0+1123248]
Ordinal0 [0x0039200A+1122314]
Ordinal0 [0x0038D5C6+1103302]
Ordinal0 [0x003677E0+948192]
Ordinal0 [0x003686E6+952038]
GetHandleVerifier [0x00740CB2+2738370]
GetHandleVerifier [0x007321B8+2678216]
GetHandleVerifier [0x005217AA+512954]
GetHandleVerifier [0x00520856+509030]
Ordinal0 [0x0043743B+1799227]
Ordinal0 [0x0043BB68+1817448]
Ordinal0 [0x0043BC55+1817685]
Ordinal0 [0x00445230+1856048]
BaseThreadInitThunk [0x76FCFA29+25]
RtlGetAppContainerNamedObjectPath [0x77E07A9E+286]
RtlGetAppContainerNamedObjectPath [0x77E07A6E+238]

at java.base/jdk.internal.reflect.DirectConstructorHandleAccessor.newInstance(DirectConstructorHandleAccessor.java:67)
at java.base/java.lang.reflect.Constructor.newInstanceWithCaller(Constructor.java:499)
at java.base/java.lang.reflect.Constructor.newInstance(Constructor.java:483)
at org.openqa.selenium.remote.W3CHandshakeResponse.lambda$errorHandler$0(W3CHandshakeResponse.java:62)
at org.openqa.selenium.remote.HandshakeResponse.lambda$getResponseFunction$0(HandshakeResponse.java:30)
at org.openqa.selenium.remote.ProtocolHandshake.lambda$createSession$0(ProtocolHandshake.java:126)
at java.base/java.util.stream.ReferencePipeline$3$1.accept(ReferencePipeline.java:197)
at java.base/java.util.Spliterators$ArraySpliterator.tryAdvance(Spliterators.java:1002)
at java.base/java.util.stream.ReferencePipeline.forEachWithCancel(ReferencePipeline.java:129)
at java.base/java.util.stream.AbstractPipeline.copyIntoWithCancel(AbstractPipeline.java:527)
at java.base/java.util.stream.AbstractPipeline.copyInto(AbstractPipeline.java:513)
at java.base/java.util.stream.AbstractPipeline.wrapAndCopyInto(AbstractPipeline.java:499)
at java.base/java.util.stream.FindOps$FindOp.evaluateSequential(FindOps.java:150)
at java.base/java.util.stream.AbstractPipeline.evaluate(AbstractPipeline.java:234)
at java.base/java.util.stream.ReferencePipeline.findFirst(ReferencePipeline.java:647)
at org.openqa.selenium.remote.ProtocolHandshake.createSession(ProtocolHandshake.java:128)
at org.openqa.selenium.remote.ProtocolHandshake.createSession(ProtocolHandshake.java:74)
at org.openqa.selenium.remote.HttpCommandExecutor.execute(HttpCommandExecutor.java:136)
at org.openqa.selenium.remote.service.DriverCommandExecutor.execute(DriverCommandExecutor.java:83)
at org.openqa.selenium.remote.RemoteWebDriver.execute(RemoteWebDriver.java:552)
at org.openqa.selenium.remote.RemoteWebDriver.startSession(RemoteWebDriver.java:213)
at org.openqa.selenium.remote.RemoteWebDriver.<init>(RemoteWebDriver.java:131)
at org.openqa.selenium.chrome.ChromeDriver.<init>(ChromeDriver.java:181)
at org.openqa.selenium.chrome.ChromeDriver.<init>(ChromeDriver.java:168)
at org.openqa.selenium.chrome.ChromeDriver.<init>(ChromeDriver.java:123)
at flipkarttestcase.Annotations.launchBrowser(Annotations.java:27)
at java.base/jdk.internal.reflect.DirectMethodHandleAccessor.invoke(DirectMethodHandleAccessor.java:104)
at java.base/java.lang.reflect.Method.invoke(Method.java:577)
at org.testng.internal.MethodInvocationHelper.invokeMethod(MethodInvocationHelper.java:133)
at org.testng.internal.MethodInvocationHelper.invokeMethodConsideringTimeout(MethodInvocationHelper.java:62)
at org.testng.internal.ConfigInvoker.invokeConfigurationMethod(ConfigInvoker.java:385)
at org.testng.internal.ConfigInvoker.invokeConfigurations(ConfigInvoker.java:321)
at org.testng.internal.TestMethodWorker.invokeBeforeClassMethods(TestMethodWorker.java:176)
at org.testng.internal.TestMethodWorker.run(TestMethodWorker.java:122)
at java.base/java.util.ArrayList.forEach(ArrayList.java:1511)
at org.testng.TestRunner.privateRun(TestRunner.java:794)
at org.testng.TestRunner.run(TestRunner.java:596)
at org.testng.SuiteRunner.runTest(SuiteRunner.java:377)
at org.testng.SuiteRunner.runSequentially(SuiteRunner.java:371)
at org.testng.SuiteRunner.privateRun(SuiteRunner.java:332)
at org.testng.SuiteRunner.run(SuiteRunner.java:276)
at org.testng.SuiteRunnerWorker.runSuite(SuiteRunnerWorker.java:53)
at org.testng.SuiteRunnerWorker.run(SuiteRunnerWorker.java:96)
at org.testng.TestNG.runSuitesSequentially(TestNG.java:1212)
at org.testng.TestNG.runSuitesLocally(TestNG.java:1134)
at org.testng.TestNG.runSuites(TestNG.java:1063)
at org.testng.TestNG.run(TestNG.java:1031)
at org.testng.remote.AbstractRemoteTestNG.run(AbstractRemoteTestNG.java:115)
at org.testng.remote.RemoteTestNG.initAndRun(RemoteTestNG.java:251)
at org.testng.remote.RemoteTestNG.main(RemoteTestNG.java:77)
]]>
    </error>
  </testcase> <!-- launchBrowser -->
  <system-out/>
  <testcase classname="flipkarttestcase.Annotations" name="loginbutton" time="0.000">
    <skipped/>
  </testcase> <!-- loginbutton -->
  <system-out/>
  <testcase classname="flipkarttestcase.Annotations" name="username" time="0.000">
    <skipped/>
  </testcase> <!-- username -->
  <system-out/>
  <testcase classname="flipkarttestcase.Annotations" name="password" time="0.000">
    <skipped/>
  </testcase> <!-- password -->
  <system-out/>
</testsuite> <!-- flipkarttestcase.Annotations -->
